Using pre-set license
Built from '2021.3/release' branch; Version is '2021.3.28f1 (232e59c3f087) revision 2305625'; Using compiler version '192829333'; Build Type 'Release'
OS: 'Windows 10  (10.0.19045) 64bit Professional' Language: 'ko' Physical Memory: 31904 MB
BatchMode: 1, IsHumanControllingUs: 0, StartBugReporterOnCrash: 0, Is64bit: 1, IsPro: 1

COMMAND LINE ARGUMENTS:
C:\Program Files\Unity\Hub\Editor\2021.3.28f1\Editor\Unity.exe
-adb2
-batchMode
-noUpm
-name
AssetImportWorker0
-projectPath
C:/Users/Administrator/Desktop/project2/2D_Project/2D_Project/2D_Project
-logFile
Logs/AssetImportWorker0.log
-srvPort
3557
Successfully changed project path to: C:/Users/Administrator/Desktop/project2/2D_Project/2D_Project/2D_Project
C:/Users/Administrator/Desktop/project2/2D_Project/2D_Project/2D_Project
[UnityMemory] Configuration Parameters - Can be set up in boot.config
    "memorysetup-bucket-allocator-granularity=16"
    "memorysetup-bucket-allocator-bucket-count=8"
    "memorysetup-bucket-allocator-block-size=33554432"
    "memorysetup-bucket-allocator-block-count=8"
    "memorysetup-main-allocator-block-size=16777216"
    "memorysetup-thread-allocator-block-size=16777216"
    "memorysetup-gfx-main-allocator-block-size=16777216"
    "memorysetup-gfx-thread-allocator-block-size=16777216"
    "memorysetup-cache-allocator-block-size=4194304"
    "memorysetup-typetree-allocator-block-size=2097152"
    "memorysetup-profiler-bucket-allocator-granularity=16"
    "memorysetup-profiler-bucket-allocator-bucket-count=8"
    "memorysetup-profiler-bucket-allocator-block-size=33554432"
    "memorysetup-profiler-bucket-allocator-block-count=8"
    "memorysetup-profiler-allocator-block-size=16777216"
    "memorysetup-profiler-editor-allocator-block-size=1048576"
    "memorysetup-temp-allocator-size-main=16777216"
    "memorysetup-job-temp-allocator-block-size=2097152"
    "memorysetup-job-temp-allocator-block-size-background=1048576"
    "memorysetup-job-temp-allocator-reduction-small-platforms=262144"
    "memorysetup-temp-allocator-size-background-worker=32768"
    "memorysetup-temp-allocator-size-job-worker=262144"
    "memorysetup-temp-allocator-size-preload-manager=33554432"
    "memorysetup-temp-allocator-size-nav-mesh-worker=65536"
    "memorysetup-temp-allocator-size-audio-worker=65536"
    "memorysetup-temp-allocator-size-cloud-worker=32768"
    "memorysetup-temp-allocator-size-gi-baking-worker=262144"
    "memorysetup-temp-allocator-size-gfx=262144"
Player connection [17324] Host "[IP] 211.195.216.129 [Port] 0 [Flags] 2 [Guid] 3367493754 [EditorId] 3367493754 [Version] 1048832 [Id] WindowsEditor(7,DESKTOP-Q6FR8PN) [Debug] 1 [PackageName] WindowsEditor [ProjectName] Editor" joined multi-casting on [225.0.0.222:54997]...

Player connection [17324] Host "[IP] 211.195.216.129 [Port] 0 [Flags] 2 [Guid] 3367493754 [EditorId] 3367493754 [Version] 1048832 [Id] WindowsEditor(7,DESKTOP-Q6FR8PN) [Debug] 1 [PackageName] WindowsEditor [ProjectName] Editor" joined alternative multi-casting on [225.0.0.222:34997]...

Refreshing native plugins compatible for Editor in 60.94 ms, found 4 plugins.
Preloading 0 native plugins for Editor in 0.00 ms.
Initialize engine version: 2021.3.28f1 (232e59c3f087)
[Subsystems] Discovering subsystems at path C:/Program Files/Unity/Hub/Editor/2021.3.28f1/Editor/Data/Resources/UnitySubsystems
[Subsystems] Discovering subsystems at path C:/Users/Administrator/Desktop/project2/2D_Project/2D_Project/2D_Project/Assets
GfxDevice: creating device client; threaded=0; jobified=0
Direct3D:
    Version:  Direct3D 11.0 [level 11.1]
    Renderer: NVIDIA GeForce RTX 4070 Ti (ID=0x2782)
    Vendor:   NVIDIA
    VRAM:     12010 MB
    Driver:   31.0.15.3667
Initialize mono
Mono path[0] = 'C:/Program Files/Unity/Hub/Editor/2021.3.28f1/Editor/Data/Managed'
Mono path[1] = 'C:/Program Files/Unity/Hub/Editor/2021.3.28f1/Editor/Data/MonoBleedingEdge/lib/mono/unityjit-win32'
Mono config path = 'C:/Program Files/Unity/Hub/Editor/2021.3.28f1/Editor/Data/MonoBleedingEdge/etc'
Using monoOptions --debugger-agent=transport=dt_socket,embedding=1,server=y,suspend=n,address=127.0.0.1:56900
Begin MonoManager ReloadAssembly
Registering precompiled unity dll's ...
Register platform support module: C:/Program Files/Unity/Hub/Editor/2021.3.28f1/Editor/Data/PlaybackEngines/WindowsStandaloneSupport/UnityEditor.WindowsStandalone.Extensions.dll
Registered in 0.005181 seconds.
Native extension for WindowsStandalone target not found
Refreshing native plugins compatible for Editor in 57.83 ms, found 4 plugins.
Preloading 0 native plugins for Editor in 0.00 ms.
Mono: successfully reloaded assembly
- Completed reload, in  0.365 seconds
Domain Reload Profiling:
	ReloadAssembly (365ms)
		BeginReloadAssembly (50ms)
			ExecutionOrderSort (0ms)
			DisableScriptedObjects (0ms)
			BackupInstance (0ms)
			ReleaseScriptingObjects (0ms)
			CreateAndSetChildDomain (0ms)
		EndReloadAssembly (259ms)
			LoadAssemblies (48ms)
			RebuildTransferFunctionScriptingTraits (0ms)
			SetupTypeCache (53ms)
			ReleaseScriptCaches (0ms)
			RebuildScriptCaches (13ms)
			SetupLoadedEditorAssemblies (164ms)
				LogAssemblyErrors (0ms)
				InitializePlatformSupportModulesInManaged (4ms)
				SetLoadedEditorAssemblies (0ms)
				RefreshPlugins (58ms)
				BeforeProcessingInitializeOnLoad (1ms)
				ProcessInitializeOnLoadAttributes (75ms)
				ProcessInitializeOnLoadMethodAttributes (25ms)
				AfterProcessingInitializeOnLoad (0ms)
				EditorAssembliesLoaded (0ms)
			ExecutionOrderSort2 (0ms)
			AwakeInstancesAfterBackupRestoration (0ms)
Platform modules already initialized, skipping
Registering precompiled user dll's ...
Registered in 0.004725 seconds.
Begin MonoManager ReloadAssembly
Symbol file LoadedFromMemory doesn't match image C:\Users\Administrator\Desktop\project2\2D_Project\2D_Project\2D_Project\Library\PackageCache\com.unity.visualscripting@1.8.0\Editor\VisualScripting.Core\Dependencies\YamlDotNet\Unity.VisualScripting.YamlDotNet.dll
Symbol file LoadedFromMemory doesn't match image C:\Users\Administrator\Desktop\project2\2D_Project\2D_Project\2D_Project\Library\PackageCache\com.unity.visualscripting@1.8.0\Editor\VisualScripting.Core\Dependencies\DotNetZip\Unity.VisualScripting.IonicZip.dll
Native extension for WindowsStandalone target not found
Refreshing native plugins compatible for Editor in 56.93 ms, found 4 plugins.
Preloading 0 native plugins for Editor in 0.00 ms.
Mono: successfully reloaded assembly
- Completed reload, in  0.631 seconds
Domain Reload Profiling:
	ReloadAssembly (631ms)
		BeginReloadAssembly (73ms)
			ExecutionOrderSort (0ms)
			DisableScriptedObjects (3ms)
			BackupInstance (0ms)
			ReleaseScriptingObjects (0ms)
			CreateAndSetChildDomain (13ms)
		EndReloadAssembly (496ms)
			LoadAssemblies (58ms)
			RebuildTransferFunctionScriptingTraits (0ms)
			SetupTypeCache (123ms)
			ReleaseScriptCaches (0ms)
			RebuildScriptCaches (30ms)
			SetupLoadedEditorAssemblies (266ms)
				LogAssemblyErrors (0ms)
				InitializePlatformSupportModulesInManaged (3ms)
				SetLoadedEditorAssemblies (0ms)
				RefreshPlugins (57ms)
				BeforeProcessingInitializeOnLoad (57ms)
				ProcessInitializeOnLoadAttributes (118ms)
				ProcessInitializeOnLoadMethodAttributes (25ms)
				AfterProcessingInitializeOnLoad (6ms)
				EditorAssembliesLoaded (0ms)
			ExecutionOrderSort2 (0ms)
			AwakeInstancesAfterBackupRestoration (4ms)
Platform modules already initialized, skipping
========================================================================
Worker process is ready to serve import requests
Launched and connected shader compiler UnityShaderCompiler.exe after 0.03 seconds
Refreshing native plugins compatible for Editor in 0.61 ms, found 4 plugins.
Preloading 0 native plugins for Editor in 0.00 ms.
Unloading 3890 Unused Serialized files (Serialized files now loaded: 0)
Unloading 35 unused Assets / (46.3 KB). Loaded Objects now: 4349.
Memory consumption went from 151.2 MB to 151.1 MB.
Total: 2.534700 ms (FindLiveObjects: 0.258600 ms CreateObjectMapping: 0.059100 ms MarkObjects: 2.159600 ms  DeleteObjects: 0.056800 ms)

AssetImportParameters requested are different than current active one (requested -> active):
  custom:video-decoder-ogg-theora: a1e56fd34408186e4bbccfd4996cb3dc -> 
  custom:container-muxer-webm: aa71ff27fc2769a1b78a27578f13a17b -> 
  custom:container-demuxer-webm: 4f35f7cbe854078d1ac9338744f61a02 -> 
  custom:video-encoder-webm-vp8: eb34c28f22e8b96e1ab97ce403110664 -> 
  custom:CustomObjectIndexerAttribute: bc11b3a6c3213fcdd17b65e7da85e133 -> 
  custom:audio-encoder-webm-vorbis: bf7c407c2cedff20999df2af8eb42d56 -> 
  custom:framework-win-MediaFoundation: 216162199b28c13a410421893ffa2e32 -> 
  custom:container-demuxer-ogg: 62fdf1f143b41e24485cea50d1cbac27 -> 
  custom:video-decoder-webm-vp8: 9c59270c3fd7afecdb556c50c9e8de78 -> 
  custom:audio-decoder-ogg-vorbis: bf7c407c2cedff20999df2af8eb42d56 -> 
========================================================================
Received Import Request.
  Time since last request: 274134.884964 seconds.
  path: Assets/Texture/Cainos/Common/Script
  artifactKey: Guid(0c08792f654687f49860e6f2fdd385c5) Importer(815301076,1909f56bfc062723c751e8b465ee728b)
Start importing Assets/Texture/Cainos/Common/Script using Guid(0c08792f654687f49860e6f2fdd385c5) Importer(815301076,1909f56bfc062723c751e8b465ee728b)  -> (artifact id: 'f994e5ef74057b7c9f0d3b74927da279') in 0.014199 seconds 
========================================================================
Received Import Request.
  Time since last request: 0.000015 seconds.
  path: Assets/Texture/Cainos/Common
  artifactKey: Guid(b07da84b7f3bba44b9a75e50d115c0e8) Importer(815301076,1909f56bfc062723c751e8b465ee728b)
Start importing Assets/Texture/Cainos/Common using Guid(b07da84b7f3bba44b9a75e50d115c0e8) Importer(815301076,1909f56bfc062723c751e8b465ee728b)  -> (artifact id: '29defa67bbe04a0dc5dc4862b457c947') in 0.007745 seconds 
========================================================================
Received Import Request.
  Time since last request: 3.256853 seconds.
  path: Assets/Texture/Pixel Skies DEMO
  artifactKey: Guid(e9ccf38e777150b43aff3798ef7ca992) Importer(815301076,1909f56bfc062723c751e8b465ee728b)
Start importing Assets/Texture/Pixel Skies DEMO using Guid(e9ccf38e777150b43aff3798ef7ca992) Importer(815301076,1909f56bfc062723c751e8b465ee728b)  -> (artifact id: '75cbc18714871e70572e210f3c8a1eb4') in 0.006970 seconds 
========================================================================
Received Import Request.
  Time since last request: 1.014684 seconds.
  path: Assets/Texture/Pixel Skies DEMO/Parallax Pixel Skies 240x135px
  artifactKey: Guid(b4400281ec6090949a94e469868f9479) Importer(815301076,1909f56bfc062723c751e8b465ee728b)
Start importing Assets/Texture/Pixel Skies DEMO/Parallax Pixel Skies 240x135px using Guid(b4400281ec6090949a94e469868f9479) Importer(815301076,1909f56bfc062723c751e8b465ee728b)  -> (artifact id: '6bcf8bf8930ee47e70ae95f2ef5dd996') in 0.006981 seconds 
========================================================================
Received Import Request.
  Time since last request: 185.287505 seconds.
  path: Assets/Texture/Cainos/Common/Texture
  artifactKey: Guid(9edc9a0912b514f4e96366ca9b1aab9f) Importer(815301076,1909f56bfc062723c751e8b465ee728b)
Start importing Assets/Texture/Cainos/Common/Texture using Guid(9edc9a0912b514f4e96366ca9b1aab9f) Importer(815301076,1909f56bfc062723c751e8b465ee728b)  -> (artifact id: 'ea9a754a0ba058377141dcba744c2f64') in 0.006664 seconds 
========================================================================
Received Import Request.
  Time since last request: 0.555668 seconds.
  path: Assets/Texture/Cainos/Common/Texture/Utils
  artifactKey: Guid(f4866c9c87e6f2b479013c1e0ac75abc) Importer(815301076,1909f56bfc062723c751e8b465ee728b)
Start importing Assets/Texture/Cainos/Common/Texture/Utils using Guid(f4866c9c87e6f2b479013c1e0ac75abc) Importer(815301076,1909f56bfc062723c751e8b465ee728b)  -> (artifact id: '3bf82f4730c27c7a3394f0b7044c49d9') in 0.001542 seconds 
========================================================================
Received Import Request.
  Time since last request: 0.032517 seconds.
  path: Assets/Texture/Cainos/Common/Texture/Utils/TX Utils Checker.png
  artifactKey: Guid(9f38ccca1cb4ef644b486a69e9cef663) Importer(815301076,1909f56bfc062723c751e8b465ee728b)
Start importing Assets/Texture/Cainos/Common/Texture/Utils/TX Utils Checker.png using Guid(9f38ccca1cb4ef644b486a69e9cef663) Importer(815301076,1909f56bfc062723c751e8b465ee728b)  -> (artifact id: '015f9460965b67787d399ac245bb13e7') in 0.095818 seconds 
========================================================================
Received Import Request.
  Time since last request: 82.090656 seconds.
  path: Assets/Scenes/SampleScene.unity
  artifactKey: Guid(2cda990e2423bbf4892e6590ba056729) Importer(815301076,1909f56bfc062723c751e8b465ee728b)
Start importing Assets/Scenes/SampleScene.unity using Guid(2cda990e2423bbf4892e6590ba056729) Importer(815301076,1909f56bfc062723c751e8b465ee728b)  -> (artifact id: 'ed1ec584b86adc936d786dcf072fa9c6') in 0.007882 seconds 
========================================================================
Received Import Request.
  Time since last request: 29.683725 seconds.
  path: Assets/Texture
  artifactKey: Guid(6094c575b4770174fa9be22b25555792) Importer(815301076,1909f56bfc062723c751e8b465ee728b)
Start importing Assets/Texture using Guid(6094c575b4770174fa9be22b25555792) Importer(815301076,1909f56bfc062723c751e8b465ee728b)  -> (artifact id: '435c38cd5d9a6e68f3cb57327af321ed') in 0.001632 seconds 
========================================================================
Received Import Request.
  Time since last request: 1.122432 seconds.
  path: Assets/Texture/Warrior free set
  artifactKey: Guid(6a510fef3004e00429e8203cd94d3e80) Importer(815301076,1909f56bfc062723c751e8b465ee728b)
Start importing Assets/Texture/Warrior free set using Guid(6a510fef3004e00429e8203cd94d3e80) Importer(815301076,1909f56bfc062723c751e8b465ee728b)  -> (artifact id: '498145fe90b5bdc3838ba27d4476f0e9') in 0.006762 seconds 
